<?xml version="1.0" encoding="utf-8"?><testsuites name="pytest tests"><testsuite name="pytest" errors="0" failures="0" skipped="0" tests="9" time="0.943" timestamp="2026-05-20T09:43:28.912253+00:00" hostname="agent-env-969e022a-bbac-4246-81d1-dee37c06a869"><testcase classname="backend.tests.test_portfolio_api.TestRoot" name="test_root_returns_portfolio_message" time="0.305" /><testcase classname="backend.tests.test_portfolio_api.TestContact" name="test_create_contact_persists_and_no_objectid" time="0.100" /><testcase classname="backend.tests.test_portfolio_api.TestContact" name="test_create_contact_invalid_email_returns_422" time="0.053" /><testcase classname="backend.tests.test_portfolio_api.TestContact" name="test_create_contact_empty_name_returns_422" time="0.043" /><testcase classname="backend.tests.test_portfolio_api.TestContact" name="test_create_contact_empty_message_returns_422" time="0.042" /><testcase classname="backend.tests.test_portfolio_api.TestContact" name="test_create_contact_subject_optional" time="0.044" /><testcase classname="backend.tests.test_portfolio_api.TestStatus" name="test_create_status_check" time="0.077" /><testcase classname="backend.tests.test_portfolio_api.TestStatus" name="test_list_status_checks" time="0.042" /><testcase classname="backend.tests.test_portfolio_api.TestStaticCV" name="test_cv_pdf_accessible" time="0.075" /></testsuite></testsuites>